<?xml version="1.0" encoding="UTF-8"?>
<!-- Generated by org.testng.reporters.JUnitReportReporter -->
<testsuite hostname="DESKTOP-4ET6204" failures="0" tests="1" name="TestSignIn" time="7.675" errors="0" timestamp="2022-01-19T17:05:41 CET" skipped="0">
  <testcase classname="TestSignIn" name="testSignInCreateAccount" time="7.675"/>
  <system-out/>
</testsuite> <!-- TestSignIn -->
